#
# There is insufficient memory for the Java Runtime Environment to continue.
# Native memory allocation (mmap) failed to map 132120576 bytes for G1 virtual space
# Possible reasons:
#   The system is out of physical RAM or swap space
#   The process is running with CompressedOops enabled, and the Java Heap may be blocking the growth of the native heap
# Possible solutions:
#   Reduce memory load on the system
#   Increase physical memory or swap space
#   Check if swap backing store is full
#   Decrease Java heap size (-Xmx/-Xms)
#   Decrease number of Java threads
#   Decrease Java thread stack sizes (-Xss)
#   Set larger code cache with -XX:ReservedCodeCacheSize=
#   JVM is running with Unscaled Compressed Oops mode in which the Java heap is
#     placed in the first 4GB address space. The Java Heap base address is the
#     maximum limit for the native heap growth. Please use -XX:HeapBaseMinAddress
#     to set the Java Heap base and to place the Java Heap above 4GB virtual address.
# This output file may be truncated or incomplete.
#
#  Out of Memory Error (os_windows.cpp:3528), pid=12912, tid=8164
#
# JRE version:  (20.0.2+9) (build )
# Java VM: Java HotSpot(TM) 64-Bit Server VM (20.0.2+9-78, mixed mode, sharing, tiered, compressed oops, compressed class ptrs, g1 gc, windows-amd64)
# No core dump will be written. Minidumps are not enabled by default on client versions of Windows
#

---------------  S U M M A R Y ------------

Command Line: -Dnet.bytebuddy.agent.attacher.dump= net.bytebuddy.agent.Attacher com.sun.tools.attach.VirtualMachine 11804 C:\Users\DELL\.gradle\caches\modules-2\files-2.1\net.bytebuddy\byte-buddy-agent\1.14.13\979ce25f7d3096a2e82214ba7dc972a05ce7a171\byte-buddy-agent-1.14.13.jar false 

Host: Intel(R) Core(TM) i5-7300HQ CPU @ 2.50GHz, 4 cores, 7G,  Windows 10 , 64 bit Build 19041 (10.0.19041.1889)
Time: Tue Apr 30 14:51:40 2024 SE Asia Standard Time elapsed time: 0.017761 seconds (0d 0h 0m 0s)

---------------  T H R E A D  ---------------

Current thread (0x000002273d7da950):  JavaThread "Unknown thread" [_thread_in_vm, id=8164, stack(0x00000037f2800000,0x00000037f2900000)]

Stack: [0x00000037f2800000,0x00000037f2900000]
Native frames: (J=compiled Java code, j=interpreted, Vv=VM code, C=native code)
V  [jvm.dll+0x6bc25a]
V  [jvm.dll+0x84971a]
V  [jvm.dll+0x84b315]
V  [jvm.dll+0x84ba13]
V  [jvm.dll+0x280e4f]
V  [jvm.dll+0x6b8fe9]
V  [jvm.dll+0x6adbca]
V  [jvm.dll+0x35b165]
V  [jvm.dll+0x363386]
V  [jvm.dll+0x3b400e]
V  [jvm.dll+0x3b4295]
V  [jvm.dll+0x32b86a]
V  [jvm.dll+0x32c68b]
V  [jvm.dll+0x8123df]
V  [jvm.dll+0x3c1261]
V  [jvm.dll+0x7fe103]
V  [jvm.dll+0x44ccaf]
V  [jvm.dll+0x44e621]
C  [jli.dll+0x5287]
C  [ucrtbase.dll+0x21bb2]
C  [KERNEL32.DLL+0x17034]
C  [ntdll.dll+0x526a1]


---------------  P R O C E S S  ---------------

Threads class SMR info:
_java_thread_list=0x00007ffabff4b118, length=0, elements={
}

Java Threads: ( => current thread )

Other Threads:
  0x000002273d83a060 WorkerThread "GC Thread#0" [stack: 0x00000037f2a00000,0x00000037f2b00000] [id=4324]
  0x000002273d84ab30 ConcurrentGCThread "G1 Main Marker" [stack: 0x00000037f2b00000,0x00000037f2c00000] [id=13560]
  0x000002273d84b560 WorkerThread "G1 Conc#0" [stack: 0x00000037f2c00000,0x00000037f2d00000] [id=8768]

[error occurred during error reporting (printing all threads), id 0xc0000005, EXCEPTION_ACCESS_VIOLATION (0xc0000005) at pc=0x00007ffabf72eea7]
VM state: not at safepoint (not fully initialized)

VM Mutex/Monitor currently owned by a thread:  ([mutex/lock_event])
[0x000002273d7da5b0] Heap_lock - owner thread: 0x000002273d7da950

Heap address: 0x0000000082200000, size: 2014 MB, Compressed Oops mode: 32-bit

CDS archive(s) mapped at: [0x0000000000000000-0x0000000000000000-0x0000000000000000), size 0, SharedBaseAddress: 0x0000000800000000, ArchiveRelocationMode: 1.
Narrow klass base: 0x0000000000000000, Narrow klass shift: 0, Narrow klass range: 0x0

GC Precious Log:
 CardTable entry size: 512
 Card Set container configuration: InlinePtr #cards 5 size 8 Array Of Cards #cards 12 size 40 Howl #buckets 4 coarsen threshold 1843 Howl Bitmap #cards 512 size 80 coarsen threshold 460 Card regions per heap region 1 cards per card region 2048

Heap:
 garbage-first heap   total 0K, used 0K [0x0000000082200000, 0x0000000100000000)
  region size 1024K, 0 young (0K), 0 survivors (0K)

[error occurred during error reporting (printing heap information), id 0xc0000005, EXCEPTION_ACCESS_VIOLATION (0xc0000005) at pc=0x00007ffabfb047b9]
GC Heap History (0 events):
No events

Dll operation events (1 events):
Event: 0.008 Loaded shared library C:\Program Files\Java\jdk-20\bin\java.dll

Deoptimization events (0 events):
No events

Classes loaded (0 events):
No events

Classes unloaded (0 events):
No events

Classes redefined (0 events):
No events

Internal exceptions (0 events):
No events

VM Operations (0 events):
No events

Events (0 events):
No events


Dynamic libraries:
0x00007ff60d0b0000 - 0x00007ff60d0c0000 	C:\Program Files\Java\jdk-20\bin\java.exe
0x00007ffb06f90000 - 0x00007ffb07188000 	C:\Windows\SYSTEM32\ntdll.dll
0x00007ffb06690000 - 0x00007ffb0674d000 	C:\Windows\System32\KERNEL32.DLL
0x00007ffb046d0000 - 0x00007ffb049a2000 	C:\Windows\System32\KERNELBASE.dll
0x00007ffb049b0000 - 0x00007ffb04ab0000 	C:\Windows\System32\ucrtbase.dll
0x00007ffafed90000 - 0x00007ffafeda9000 	C:\Program Files\Java\jdk-20\bin\jli.dll
0x00007ffb06450000 - 0x00007ffb064fe000 	C:\Windows\System32\ADVAPI32.dll
0x00007ffb05560000 - 0x00007ffb055fe000 	C:\Windows\System32\msvcrt.dll
0x00007ffb06350000 - 0x00007ffb063ec000 	C:\Windows\System32\sechost.dll
0x00007ffb06930000 - 0x00007ffb06a55000 	C:\Windows\System32\RPCRT4.dll
0x00007ffb05240000 - 0x00007ffb053dd000 	C:\Windows\System32\USER32.dll
0x00007ffb046a0000 - 0x00007ffb046c2000 	C:\Windows\System32\win32u.dll
0x00007ffb06870000 - 0x00007ffb0689b000 	C:\Windows\System32\GDI32.dll
0x00007ffb04d00000 - 0x00007ffb04e0f000 	C:\Windows\System32\gdi32full.dll
0x00007ffb04c60000 - 0x00007ffb04cfd000 	C:\Windows\System32\msvcp_win.dll
0x00007ffafedb0000 - 0x00007ffafedcb000 	C:\Program Files\Java\jdk-20\bin\VCRUNTIME140.dll
0x00007ffaf1bb0000 - 0x00007ffaf1e4a000 	C:\Windows\WinSxS\amd64_microsoft.windows.common-controls_6595b64144ccf1df_6.0.19041.1110_none_60b5254171f9507e\COMCTL32.dll
0x00007ffafd1b0000 - 0x00007ffafd1ba000 	C:\Windows\SYSTEM32\VERSION.dll
0x00007ffb06590000 - 0x00007ffb065c0000 	C:\Windows\System32\IMM32.DLL
0x00007ffaffd60000 - 0x00007ffaffd6c000 	C:\Program Files\Java\jdk-20\bin\vcruntime140_1.dll
0x00007ffad5c50000 - 0x00007ffad5cde000 	C:\Program Files\Java\jdk-20\bin\msvcp140.dll
0x00007ffabf3f0000 - 0x00007ffac0088000 	C:\Program Files\Java\jdk-20\bin\server\jvm.dll
0x00007ffaf00a0000 - 0x00007ffaf00a9000 	C:\Windows\SYSTEM32\WSOCK32.dll
0x00007ffb05490000 - 0x00007ffb054fb000 	C:\Windows\System32\WS2_32.dll
0x00007ffaefe10000 - 0x00007ffaefe37000 	C:\Windows\SYSTEM32\WINMM.dll
0x00007ffb02ef0000 - 0x00007ffb02f02000 	C:\Windows\SYSTEM32\kernel.appcore.dll
0x00007ffaff2f0000 - 0x00007ffaff2fa000 	C:\Program Files\Java\jdk-20\bin\jimage.dll
0x00007ffb022f0000 - 0x00007ffb024d4000 	C:\Windows\SYSTEM32\DBGHELP.DLL
0x00007ffaec2d0000 - 0x00007ffaec2fc000 	C:\Windows\SYSTEM32\dbgcore.DLL
0x00007ffb04ec0000 - 0x00007ffb04f42000 	C:\Windows\System32\bcryptPrimitives.dll
0x00007ffaeb040000 - 0x00007ffaeb066000 	C:\Program Files\Java\jdk-20\bin\java.dll

dbghelp: loaded successfully - version: 4.0.5 - missing functions: none
symbol engine: initialized successfully - sym options: 0x614 - pdb path: .;C:\Program Files\Java\jdk-20\bin;C:\Windows\SYSTEM32;C:\Windows\WinSxS\amd64_microsoft.windows.common-controls_6595b64144ccf1df_6.0.19041.1110_none_60b5254171f9507e;C:\Program Files\Java\jdk-20\bin\server

VM Arguments:
jvm_args: -Dnet.bytebuddy.agent.attacher.dump= 
java_command: net.bytebuddy.agent.Attacher com.sun.tools.attach.VirtualMachine 11804 C:\Users\DELL\.gradle\caches\modules-2\files-2.1\net.bytebuddy\byte-buddy-agent\1.14.13\979ce25f7d3096a2e82214ba7dc972a05ce7a171\byte-buddy-agent-1.14.13.jar false 
java_class_path (initial): C:\Users\DELL\.gradle\caches\modules-2\files-2.1\net.bytebuddy\byte-buddy-agent\1.14.13\979ce25f7d3096a2e82214ba7dc972a05ce7a171\byte-buddy-agent-1.14.13.jar
Launcher Type: SUN_STANDARD

[Global flags]
     intx CICompilerCount                          = 3                                         {product} {ergonomic}
     uint ConcGCThreads                            = 1                                         {product} {ergonomic}
     uint G1ConcRefinementThreads                  = 4                                         {product} {ergonomic}
   size_t G1HeapRegionSize                         = 1048576                                   {product} {ergonomic}
    uintx GCDrainStackTargetSize                   = 64                                        {product} {ergonomic}
   size_t InitialHeapSize                          = 132120576                                 {product} {ergonomic}
   size_t MarkStackSize                            = 4194304                                   {product} {ergonomic}
   size_t MaxHeapSize                              = 2111832064                                {product} {ergonomic}
   size_t MinHeapDeltaBytes                        = 1048576                                   {product} {ergonomic}
   size_t MinHeapSize                              = 8388608                                   {product} {ergonomic}
    uintx NonNMethodCodeHeapSize                   = 5832780                                {pd product} {ergonomic}
    uintx NonProfiledCodeHeapSize                  = 122912730                              {pd product} {ergonomic}
    uintx ProfiledCodeHeapSize                     = 122912730                              {pd product} {ergonomic}
    uintx ReservedCodeCacheSize                    = 251658240                              {pd product} {ergonomic}
     bool SegmentedCodeCache                       = true                                      {product} {ergonomic}
   size_t SoftMaxHeapSize                          = 2111832064                             {manageable} {ergonomic}
     bool UseCompressedClassPointers               = true                           {product lp64_product} {ergonomic}
     bool UseCompressedOops                        = true                           {product lp64_product} {ergonomic}
     bool UseG1GC                                  = true                                      {product} {ergonomic}
     bool UseLargePagesIndividualAllocation        = false                                  {pd product} {ergonomic}

Logging:
Log output configuration:
 #0: stdout all=warning uptime,level,tags foldmultilines=false
 #1: stderr all=off uptime,level,tags foldmultilines=false

Environment Variables:
JAVA_HOME=C:\Program Files\Java\jdk-20
CLASSPATH=D:\gradle-8.7\lib\gradle-launcher-8.7.jar
PATH=C:\Program Files\Common Files\Oracle\Java\javapath;C:\Program Files\Microsoft MPI\Bin\;C:\Windows\system32;C:\Windows;C:\Windows\System32\Wbem;C:\Windows\System32\WindowsPowerShell\v1.0\;C:\Windows\System32\OpenSSH\;C:\Program Files\nodejs\;C:\Program Files (x86)\Microsoft SQL Server\160\Tools\Binn\;C:\Program Files\Microsoft SQL Server\160\Tools\Binn\;C:\Program Files\Microsoft SQL Server\Client SDK\ODBC\170\Tools\Binn\;C:\Program Files\Microsoft SQL Server\160\DTS\Binn\;C:\Program Files (x86)\Microsoft SQL Server\160\DTS\Binn\;C:\Program Files\Azure Data Studio\bin;C:\Program Files\Java\jdk-20\bin;D:\clash\Git\cmd;C:\Program Files\Microsoft SQL Server\150\Tools\Binn\;C:\Program Files\dotnet\;C:\Users\DELL\AppData\Local\Microsoft\WindowsApps;C:\Users\DELL\AppData\Local\Programs\Microsoft VS Code\bin;C:\Users\DELL\AppData\Roaming\npm;C:\Program Files\Azure Data Studio\bin;C:\Users\DELL\.dotnet\tools;D:\gradle-8.7\bin;
USERNAME=DELL
LANG=en_US.UTF-8
OS=Windows_NT
PROCESSOR_IDENTIFIER=Intel64 Family 6 Model 158 Stepping 9, GenuineIntel
TMP=C:\Users\DELL\AppData\Local\Temp
TEMP=C:\Users\DELL\AppData\Local\Temp




---------------  S Y S T E M  ---------------

OS:
 Windows 10 , 64 bit Build 19041 (10.0.19041.1889)
OS uptime: 1 days 1:23 hours

CPU: total 4 (initial active 4) (4 cores per cpu, 1 threads per core) family 6 model 158 stepping 9 microcode 0xb4, cx8, cmov, fxsr, mmx, 3dnowpref, sse, sse2, sse3, ssse3, sse4.1, sse4.2, popcnt, lzcnt, tsc, tscinvbit, avx, avx2, aes, erms, clmul, bmi1, bmi2, adx, fma, vzeroupper, clflush, clflushopt, rdtscp, f16c

Memory: 4k page, system-wide physical 8054M (374M free)
TotalPageFile size 12150M (AvailPageFile size 44M)
current process WorkingSet (physical memory assigned to process): 10M, peak: 10M
current process commit charge ("private bytes"): 51M, peak: 177M

vm_info: Java HotSpot(TM) 64-Bit Server VM (20.0.2+9-78) for windows-amd64 JRE (20.0.2+9-78), built on 2023-06-14T10:08:48Z by "mach5one" with MS VC++ 17.1 (VS2022)

END.
